[ERROR] 2011-08-12T08:28:49-05:00 - exception 'PDOException' with message 'SQLSTATE[23000]: Integrity constraint violation: 1062 Duplicate entry '2147483647' for key 2' in /Users/diegopineda/Projects/KSwiss/Lady-Tubes/src/web/app/idiorm/idiorm.php:1063
Stack trace:
#0 /Users/diegopineda/Projects/KSwiss/Lady-Tubes/src/web/app/idiorm/idiorm.php(1063): PDOStatement->execute(Array)
#1 /Users/diegopineda/Projects/KSwiss/Lady-Tubes/src/web/app/index.php(85): ORM->save()
#2 [internal function]: fbSubscribe()
#3 /Users/diegopineda/Projects/KSwiss/Lady-Tubes/src/web/app/slim/Route.php(343): call_user_func_array('fbSubscribe', Array)
#4 /Users/diegopineda/Projects/KSwiss/Lady-Tubes/src/web/app/slim/Slim.php(1016): Slim_Route->dispatch()
#5 /Users/diegopineda/Projects/KSwiss/Lady-Tubes/src/web/app/index.php(111): Slim->run()
#6 {main}
[ERROR] 2011-08-12T08:52:05-05:00 - exception 'PDOException' with message 'SQLSTATE[23000]: Integrity constraint violation: 1062 Duplicate entry '2147483647' for key 2' in /Users/diegopineda/Projects/KSwiss/Lady-Tubes/src/web/app/idiorm/idiorm.php:1063
Stack trace:
#0 /Users/diegopineda/Projects/KSwiss/Lady-Tubes/src/web/app/idiorm/idiorm.php(1063): PDOStatement->execute(Array)
#1 /Users/diegopineda/Projects/KSwiss/Lady-Tubes/src/web/app/index.php(92): ORM->save()
#2 [internal function]: fbSubscribe()
#3 /Users/diegopineda/Projects/KSwiss/Lady-Tubes/src/web/app/slim/Route.php(343): call_user_func_array('fbSubscribe', Array)
#4 /Users/diegopineda/Projects/KSwiss/Lady-Tubes/src/web/app/slim/Slim.php(1016): Slim_Route->dispatch()
#5 /Users/diegopineda/Projects/KSwiss/Lady-Tubes/src/web/app/index.php(167): Slim->run()
#6 {main}
[ERROR] 2011-08-12T08:53:37-05:00 - exception 'PDOException' with message 'SQLSTATE[23000]: Integrity constraint violation: 1062 Duplicate entry '2147483647' for key 2' in /Users/diegopineda/Projects/KSwiss/Lady-Tubes/src/web/app/idiorm/idiorm.php:1063
Stack trace:
#0 /Users/diegopineda/Projects/KSwiss/Lady-Tubes/src/web/app/idiorm/idiorm.php(1063): PDOStatement->execute(Array)
#1 /Users/diegopineda/Projects/KSwiss/Lady-Tubes/src/web/app/index.php(93): ORM->save()
#2 [internal function]: fbSubscribe()
#3 /Users/diegopineda/Projects/KSwiss/Lady-Tubes/src/web/app/slim/Route.php(343): call_user_func_array('fbSubscribe', Array)
#4 /Users/diegopineda/Projects/KSwiss/Lady-Tubes/src/web/app/slim/Slim.php(1016): Slim_Route->dispatch()
#5 /Users/diegopineda/Projects/KSwiss/Lady-Tubes/src/web/app/index.php(168): Slim->run()
#6 {main}
[ERROR] 2011-08-12T09:01:45-05:00 - exception 'PDOException' with message 'SQLSTATE[23000]: Integrity constraint violation: 1062 Duplicate entry '2147483647' for key 2' in /Users/diegopineda/Projects/KSwiss/Lady-Tubes/src/web/app/idiorm/idiorm.php:1063
Stack trace:
#0 /Users/diegopineda/Projects/KSwiss/Lady-Tubes/src/web/app/idiorm/idiorm.php(1063): PDOStatement->execute(Array)
#1 /Users/diegopineda/Projects/KSwiss/Lady-Tubes/src/web/app/index.php(141): ORM->save()
#2 [internal function]: emailSubscribe()
#3 /Users/diegopineda/Projects/KSwiss/Lady-Tubes/src/web/app/slim/Route.php(343): call_user_func_array('emailSubscribe', Array)
#4 /Users/diegopineda/Projects/KSwiss/Lady-Tubes/src/web/app/slim/Slim.php(1016): Slim_Route->dispatch()
#5 /Users/diegopineda/Projects/KSwiss/Lady-Tubes/src/web/app/index.php(167): Slim->run()
#6 {main}
[ERROR] 2011-08-12T09:04:19-05:00 - exception 'RuntimeException' with message 'View cannot render template `./templates/facebookException`. Template does not exist.' in /Users/diegopineda/Projects/KSwiss/Lady-Tubes/src/web/app/slim/View.php:160
Stack trace:
#0 /Users/diegopineda/Projects/KSwiss/Lady-Tubes/src/web/app/slim/View.php(147): Slim_View->render('facebookExcepti...')
#1 /Users/diegopineda/Projects/KSwiss/Lady-Tubes/src/web/app/slim/Slim.php(576): Slim_View->display('facebookExcepti...')
#2 /Users/diegopineda/Projects/KSwiss/Lady-Tubes/src/web/app/index.php(100): Slim->render('facebookExcepti...', Array)
#3 [internal function]: fbSubscribe()
#4 /Users/diegopineda/Projects/KSwiss/Lady-Tubes/src/web/app/slim/Route.php(343): call_user_func_array('fbSubscribe', Array)
#5 /Users/diegopineda/Projects/KSwiss/Lady-Tubes/src/web/app/slim/Slim.php(1016): Slim_Route->dispatch()
#6 /Users/diegopineda/Projects/KSwiss/Lady-Tubes/src/web/app/index.php(167): Slim->run()
#7 {main}
[ERROR] 2011-08-12T09:06:17-05:00 - exception 'ErrorException' with message 'Undefined variable: fbException' in /Users/diegopineda/Projects/KSwiss/Lady-Tubes/src/web/app/templates/facebookException.php:4
Stack trace:
#0 /Users/diegopineda/Projects/KSwiss/Lady-Tubes/src/web/app/templates/facebookException.php(4): Slim::handleErrors('facebookExcepti...')
#1 /Users/diegopineda/Projects/KSwiss/Lady-Tubes/src/web/app/slim/View.php(163): require('/Users/diegopin...')
#2 /Users/diegopineda/Projects/KSwiss/Lady-Tubes/src/web/app/slim/View.php(147): Slim_View->render('facebookExcepti...')
#3 /Users/diegopineda/Projects/KSwiss/Lady-Tubes/src/web/app/slim/Slim.php(576): Slim_View->display('facebookExcepti...', Array)
#4 /Users/diegopineda/Projects/KSwiss/Lady-Tubes/src/web/app/index.php(100): Slim->render()
#5 [internal function]: fbSubscribe('fbSubscribe', Array)
#6 /Users/diegopineda/Projects/KSwiss/Lady-Tubes/src/web/app/slim/Route.php(343): call_user_func_array()
#7 /Users/diegopineda/Projects/KSwiss/Lady-Tubes/src/web/app/slim/Slim.php(1016): Slim_Route->dispatch()
#8 /Users/diegopineda/Projects/KSwiss/Lady-Tubes/src/web/app/index.php(167): Slim->run()
#9 {main}
[ERROR] 2011-08-12T09:18:10-05:00 - exception 'ErrorException' with message 'Undefined offset:  0' in /Users/diegopineda/Projects/KSwiss/Lady-Tubes/src/web/app/templates/facebookException.php:6
Stack trace:
#0 /Users/diegopineda/Projects/KSwiss/Lady-Tubes/src/web/app/templates/facebookException.php(6): Slim::handleErrors('facebookExcepti...')
#1 /Users/diegopineda/Projects/KSwiss/Lady-Tubes/src/web/app/slim/View.php(163): require('/Users/diegopin...')
#2 /Users/diegopineda/Projects/KSwiss/Lady-Tubes/src/web/app/slim/View.php(147): Slim_View->render('facebookExcepti...')
#3 /Users/diegopineda/Projects/KSwiss/Lady-Tubes/src/web/app/slim/Slim.php(576): Slim_View->display('facebookExcepti...', Array)
#4 /Users/diegopineda/Projects/KSwiss/Lady-Tubes/src/web/app/index.php(100): Slim->render()
#5 [internal function]: fbSubscribe('fbSubscribe', Array)
#6 /Users/diegopineda/Projects/KSwiss/Lady-Tubes/src/web/app/slim/Route.php(343): call_user_func_array()
#7 /Users/diegopineda/Projects/KSwiss/Lady-Tubes/src/web/app/slim/Slim.php(1016): Slim_Route->dispatch()
#8 /Users/diegopineda/Projects/KSwiss/Lady-Tubes/src/web/app/index.php(167): Slim->run()
#9 {main}
[ERROR] 2011-08-12T09:28:14-05:00 - exception 'PDOException' with message 'SQLSTATE[23000]: Integrity constraint violation: 1062 Duplicate entry '2147483647' for key 2' in /Users/diegopineda/Projects/KSwiss/Lady-Tubes/src/web/app/idiorm/idiorm.php:1063
Stack trace:
#0 /Users/diegopineda/Projects/KSwiss/Lady-Tubes/src/web/app/idiorm/idiorm.php(1063): PDOStatement->execute(Array)
#1 /Users/diegopineda/Projects/KSwiss/Lady-Tubes/src/web/app/index.php(141): ORM->save()
#2 [internal function]: emailSubscribe()
#3 /Users/diegopineda/Projects/KSwiss/Lady-Tubes/src/web/app/slim/Route.php(343): call_user_func_array('emailSubscribe', Array)
#4 /Users/diegopineda/Projects/KSwiss/Lady-Tubes/src/web/app/slim/Slim.php(1016): Slim_Route->dispatch()
#5 /Users/diegopineda/Projects/KSwiss/Lady-Tubes/src/web/app/index.php(167): Slim->run()
#6 {main}
[ERROR] 2011-08-12T10:51:55-05:00 - exception 'PDOException' with message 'SQLSTATE[23000]: Integrity constraint violation: 1062 Duplicate entry '2147483647' for key 2' in /Users/diegopineda/Projects/KSwiss/Lady-Tubes/src/web/app/idiorm/idiorm.php:1063
Stack trace:
#0 /Users/diegopineda/Projects/KSwiss/Lady-Tubes/src/web/app/idiorm/idiorm.php(1063): PDOStatement->execute(Array)
#1 /Users/diegopineda/Projects/KSwiss/Lady-Tubes/src/web/app/index.php(141): ORM->save()
#2 [internal function]: emailSubscribe()
#3 /Users/diegopineda/Projects/KSwiss/Lady-Tubes/src/web/app/slim/Route.php(343): call_user_func_array('emailSubscribe', Array)
#4 /Users/diegopineda/Projects/KSwiss/Lady-Tubes/src/web/app/slim/Slim.php(1016): Slim_Route->dispatch()
#5 /Users/diegopineda/Projects/KSwiss/Lady-Tubes/src/web/app/index.php(183): Slim->run()
#6 {main}
[DEBUG] 2011-08-12T17:09:06-05:00 - Array
[DEBUG] 2011-08-12T17:28:21-05:00 - deauthorize called
[DEBUG] 2011-08-12T17:28:21-05:00 - array(3) {
  ["PHPSESSID"]=>
  string(32) "46777c8163c697fabb65dd6caed7ea3f"
  ["46777c8163c697fabb65dd6caed7ea3f"]=>
  string(651) "DEFAULT|0|Ynpi7XLu2sO7M9/8lmTRsVW6yvg187SZkAJ7yw7PHpxCXGmUjlrQTN22aS9Fs3N4NQDJJgA0nHr1u3X/alwth2I8leht15/r7ZCyhp0i8fXAJtqDEX9c4RWnWe5RS2lzWn5jZ8DhOwIfXKEUJCK+dKQSlR8UtlitaZb1LBGB9rAJPGpGnFMYC+4UweAOqiqONY44b4XrbEOAj2CDRdrEjI0uPsusI80LY1h6eOSX/7YYs7cRvoR/+1hlS7oDjTg+ZZWk+6Dq6MTf4SDKbTaXXCkEKwqSZbX12W+z8wpOHHHQmTzScchIefXngLETjERHyJoRsGjGkFgnDm/Gz99lCi/yG7++DwIvviZHtEoJ5hpKkVAXBA+qOiCA5zqlDThZ+5qX8jDqY/apdyp5j+uwXKzh1ChcyfWml9Aaw12rOPz5OxWuzQIgni5sm8c39y+YmRySiIMebr323z+zVVEkRq2YO2SnFmcPV137UD8XlU2yt/VrLDcOjI3V5z5LGAvbGQABEvmZyqUIIjsK+wRamy3FJYOMbhq9LkJYc59+Qy4FK8S0X/uOSCKYkyjA54XmflM6zEoGnbJAeus5Q6+1iA==|09a4c7d59a77bdb072f9f28f018cb20c357dcb17"
  ["fbsr_107487976017979"]=>
  string(450) "CDk_AHtxaT3hCfGidgbOra7SaqUl8R5Y_Z85dW5y-hs.eyJhbGdvcml0aG0iOiJITUFDLVNIQTI1NiIsImNvZGUiOiJBUURCenkzQ0xKVFpLUnQ5OTdZMGRvOHBNMm9UeUxZREVpYzNjX2xmNGpMeTVoUUZMUjhUa1NkVTdHNHBLTDdIbE9abXhKWmlkZ1BXZ2FfT2RGQnhlQ1BnT01uWmE1TjA5cHVwVjZkZGluWE00UWlyVHNobHVuUGpEeW56a3p4aXI2OGF0cUlXa1VIR0dsZ2F4M0RBQUVlUjVvXzVwZktrNGp3UlR5RjMtc01rdmVydW4wREFSMkM5YXVmbWRoRFNPTFlydGYtZmFIc3ozZGcwYzZPV0NzdU4iLCJpc3N1ZWRfYXQiOjEzMTMxODc5NDYsInVzZXJfaWQiOiIxMDAwMDI3ODM3MzI4MzcifQ"
}

